[2017-11-27 19:16:24:266][Router1]: Process started
[2017-11-27 19:16:24:266][Router1]: creating TCP socket...
[2017-11-27 19:16:24:266][Router1]: TCP socket created!
[2017-11-27 19:16:24:266][Router1]: TCP Port - 21000
[2017-11-27 19:16:24:266][Router1]: creating UDP socket...
[2017-11-27 19:16:24:266][Router1]: UDP socket created!
[2017-11-27 19:16:24:266][Router1]: UDP Port - 12000
[2017-11-27 19:16:24:266][Router1]: Connecting to manager <10.0.0.85>...
[2017-11-27 19:16:24:266][Router1]: connected succssuflly to manager!
[2017-11-27 19:16:24:266][Router1]: Sending to manager - Router[1] UDP Port - 12000
[2017-11-27 19:16:24:266][Router1]: 	Message sent successfully!
[2017-11-27 19:16:24:266][Router1]: Receiving from manager...
[2017-11-27 19:16:24:266][Router1]: 	Received from manager - 1 0 10 |1 2 40 |1 3 70 |
[2017-11-27 19:16:24:266][Router1]: Receiving from manager...
[2017-11-27 19:16:24:266][Router1]: 	Received from manager - 2 13000 |1 12000 |0 11000 |3 14000 |
[2017-11-27 19:16:24:266][Router1]: Sending to manager - READY!
[2017-11-27 19:16:24:266][Router1]: 	Message sent successfully!
[2017-11-27 19:16:24:266][Router1]: Receiving from manager...
[2017-11-27 19:16:24:266][Router1]: 	Received from manager - SAVEACK
[2017-11-27 19:16:24:266][Router1]: Sending to neighbors - Link request from Router[1]
[2017-11-27 19:16:24:266][Router1]: 	Message sent successfully!
[2017-11-27 19:16:24:266][Router1]: Sending to neighbors - Link request from Router[1]
[2017-11-27 19:16:24:266][Router1]: 	Message sent successfully!
[2017-11-27 19:16:24:266][Router1]: Sending to neighbors - Link request from Router[1]
[2017-11-27 19:16:24:266][Router1]: 	Message sent successfully!
[2017-11-27 19:16:24:266][Router1]: Receiving from router - Link request from Router[2]
[2017-11-27 19:16:24:266][Router1]: Receiving from router - Link request from Router[0]
[2017-11-27 19:16:24:266][Router1]: Receiving from router - Link request from Router[3]
